client01/AndroidProject_Retrans/sdklibs/GameLibBC/build/outputs/logs/manifest-merger-debug-report.txt
-- Merging decision tree log ---
manifest
ADDED from sdklibs\GameLibBC\AndroidManifest.xml:1:1-18:12
INJECTED from sdklibs\GameLibBC\AndroidManifest.xml:1:1-18:12
INJECTED from sdklibs\GameLibBC\AndroidManifest.xml:1:1-18:12
INJECTED from sdklibs\GameLibBC\AndroidManifest.xml:1:1-18:12
INJECTED from sdklibs\GameLibBC\AndroidManifest.xml:1:1-18:12
INJECTED from sdklibs\GameLibBC\AndroidManifest.xml:1:1-18:12
INJECTED from sdklibs\GameLibBC\AndroidManifest.xml:1:1-18:12
	package
		ADDED from sdklibs\GameLibBC\AndroidManifest.xml:2:5-36
		INJECTED from sdklibs\GameLibBC\AndroidManifest.xml
		INJECTED from sdklibs\GameLibBC\AndroidManifest.xml
	android:versionName
		ADDED from sdklibs\GameLibBC\AndroidManifest.xml:4:5-30
		INJECTED from sdklibs\GameLibBC\AndroidManifest.xml
		INJECTED from sdklibs\GameLibBC\AndroidManifest.xml
	xmlns:android
		ADDED from sdklibs\GameLibBC\AndroidManifest.xml:1:11-69
	android:versionCode
		ADDED from sdklibs\GameLibBC\AndroidManifest.xml:3:5-28
		INJECTED from sdklibs\GameLibBC\AndroidManifest.xml
		INJECTED from sdklibs\GameLibBC\AndroidManifest.xml
uses-sdk
ADDED from sdklibs\GameLibBC\AndroidManifest.xml:6:5-8:40
	android:targetSdkVersion
		ADDED from sdklibs\GameLibBC\AndroidManifest.xml:8:9-37
	android:minSdkVersion
		ADDED from sdklibs\GameLibBC\AndroidManifest.xml:7:9-34
uses-permission#android.permission.ACCESS_NETWORK_STATE
ADDED from sdklibs\GameLibBC\AndroidManifest.xml:9:5-78
	android:name
		ADDED from sdklibs\GameLibBC\AndroidManifest.xml:9:22-76
uses-permission#android.permission.READ_EXTERNAL_STORAGE
ADDED from sdklibs\GameLibBC\AndroidManifest.xml:10:5-79
	android:name
		ADDED from sdklibs\GameLibBC\AndroidManifest.xml:10:22-77
uses-permission#android.permission.INTERNET
ADDED from sdklibs\GameLibBC\AndroidManifest.xml:11:5-66
	android:name
		ADDED from sdklibs\GameLibBC\AndroidManifest.xml:11:22-64
uses-permission#android.permission.ACCESS_WIFI_STATE
ADDED from sdklibs\GameLibBC\AndroidManifest.xml:12:5-75
	android:name
		ADDED from sdklibs\GameLibBC\AndroidManifest.xml:12:22-73
uses-permission#android.permission.WRITE_EXTERNAL_STORAGE
ADDED from sdklibs\GameLibBC\AndroidManifest.xml:13:5-80
	android:name
		ADDED from sdklibs\GameLibBC\AndroidManifest.xml:13:22-78
application
ADDED from sdklibs\GameLibBC\AndroidManifest.xml:15:5-16:19